Determining if the pthread_create exist failed with the following output:
Change Dir: /mnt/hgfs/Workspaces/EOS/EosContracts/utils/build/CMakeFiles/CMakeTmp

Run Build Command:"/usr/bin/make" "cmTC_09bc8/fast"
/usr/bin/make -f CMakeFiles/cmTC_09bc8.dir/build.make CMakeFiles/cmTC_09bc8.dir/build
make[1]: Entering directory '/mnt/hgfs/Workspaces/EOS/EosContracts/utils/build/CMakeFiles/CMakeTmp'
Building C object CMakeFiles/cmTC_09bc8.dir/CheckSymbolExists.c.o
/usr/bin/cc    -o CMakeFiles/cmTC_09bc8.dir/CheckSymbolExists.c.o   -c /mnt/hgfs/Workspaces/EOS/EosContracts/utils/build/CMakeFiles/CMakeTmp/CheckSymbolExists.c
Linking C executable cmTC_09bc8
/usr/local/bin/cmake -E cmake_link_script CMakeFiles/cmTC_09bc8.dir/link.txt --verbose=1
/usr/bin/cc      CMakeFiles/cmTC_09bc8.dir/CheckSymbolExists.c.o  -o cmTC_09bc8 
CMakeFiles/cmTC_09bc8.dir/CheckSymbolExists.c.o: In function `main':
CheckSymbolExists.c:(.text+0x1b): undefined reference to `pthread_create'
collect2: error: ld returned 1 exit status
CMakeFiles/cmTC_09bc8.dir/build.make:97: recipe for target 'cmTC_09bc8' failed
make[1]: *** [cmTC_09bc8] Error 1
make[1]: Leaving directory '/mnt/hgfs/Workspaces/EOS/EosContracts/utils/build/CMakeFiles/CMakeTmp'
Makefile:126: recipe for target 'cmTC_09bc8/fast' failed
make: *** [cmTC_09bc8/fast] Error 2

File /mnt/hgfs/Workspaces/EOS/EosContracts/utils/build/CMakeFiles/CMakeTmp/CheckSymbolExists.c:
/* */
#include <pthread.h>

int main(int argc, char** argv)
{
  (void)argv;
#ifndef pthread_create
  return ((int*)(&pthread_create))[argc];
#else
  (void)argc;
  return 0;
#endif
}

